proguard/seeds.txt
android.support.v4.app.FragmentActivity$2
android.support.v4.app.FragmentActivity$2: android.support.v4.app.FragmentActivity this$0
android.support.v4.app.FragmentActivity$2: FragmentActivity$2(android.support.v4.app.FragmentActivity)
android.support.v4.app.FragmentActivity$2: android.view.View findViewById(int)
android.support.v4.app.FragmentActivity$FragmentTag
android.support.v4.app.FragmentActivity$FragmentTag: int[] Fragment
android.support.v4.app.FragmentActivity$FragmentTag: int Fragment_id
android.support.v4.app.FragmentActivity$FragmentTag: int Fragment_name
android.support.v4.app.FragmentActivity$FragmentTag: int Fragment_tag
android.support.v4.app.FragmentActivity$FragmentTag: FragmentActivity$FragmentTag()
android.support.v4.app.FragmentActivity$FragmentTag: void <clinit>()
android.support.v4.app.FragmentActivity$NonConfigurationInstances
android.support.v4.app.FragmentActivity$NonConfigurationInstances: java.lang.Object activity
android.support.v4.app.FragmentActivity$NonConfigurationInstances: java.lang.Object custom
android.support.v4.app.FragmentActivity$NonConfigurationInstances: java.util.HashMap children
android.support.v4.app.FragmentActivity$NonConfigurationInstances: java.util.ArrayList fragments
android.support.v4.app.FragmentActivity$NonConfigurationInstances: java.util.HashMap loaders
android.support.v4.app.FragmentActivity$NonConfigurationInstances: FragmentActivity$NonConfigurationInstances()
android.support.v4.app.FragmentContainer
android.support.v4.app.FragmentContainer: android.view.View findViewById(int)
android.support.v4.app.FragmentManager
android.support.v4.app.FragmentManager: int POP_BACK_STACK_INCLUSIVE
android.support.v4.app.FragmentManager: FragmentManager()
android.support.v4.app.FragmentManager: android.support.v4.app.FragmentTransaction beginTransaction()
android.support.v4.app.FragmentManager: android.support.v4.app.FragmentTransaction openTransaction()
android.support.v4.app.FragmentManager: boolean executePendingTransactions()
android.support.v4.app.FragmentManager: android.support.v4.app.Fragment findFragmentById(int)
android.support.v4.app.FragmentManager: android.support.v4.app.Fragment findFragmentByTag(java.lang.String)
android.support.v4.app.FragmentManager: void popBackStack()
android.support.v4.app.FragmentManager: boolean popBackStackImmediate()
android.support.v4.app.FragmentManager: void popBackStack(java.lang.String,int)
android.support.v4.app.FragmentManager: boolean popBackStackImmediate(java.lang.String,int)
android.support.v4.app.FragmentManager: void popBackStack(int,int)
android.support.v4.app.FragmentManager: boolean popBackStackImmediate(int,int)
android.support.v4.app.FragmentManager: int getBackStackEntryCount()
android.support.v4.app.FragmentManager: android.support.v4.app.FragmentManager$BackStackEntry getBackStackEntryAt(int)
android.support.v4.app.FragmentManager: void addOnBackStackChangedListener(android.support.v4.app.FragmentManager$OnBackStackChangedListener)
android.support.v4.app.FragmentManager$BackStackEntry
android.support.v4.app.FragmentManager$BackStackEntry: int getId()
android.support.v4.app.FragmentManager$BackStackEntry: java.lang.String getName()
android.support.v4.app.FragmentManager$BackStackEntry: int getBreadCrumbTitleRes()
android.support.v4.app.FragmentManager$BackStackEntry: int getBreadCrumbShortTitleRes()
android.support.v4.app.FragmentManager$BackStackEntry: java.lang.CharSequence getBreadCrumbTitle()
android.support.v4.app.FragmentManager$BackStackEntry: java.lang.CharSequence getBreadCrumbShortTitle()
android.support.v4.app.FragmentManager$OnBackStackChangedListener
android.support.v4.app.FragmentManager$OnBackStackChangedListener: void onBackStackChanged()