proguard/mapping.txt
android.support.v4.view.KeyEventCompat$HoneycombKeyEventVersionImpl -> android.support.v4.view.p:
    boolean metaStateHasModifiers$255f299(int) -> a
    boolean metaStateHasNoModifiers(int) -> b
android.support.v4.view.KeyEventCompat$KeyEventVersionImpl -> android.support.v4.view.q:
    boolean metaStateHasModifiers$255f299(int) -> a
    boolean metaStateHasNoModifiers(int) -> b
android.support.v4.view.MotionEventCompat -> android.support.v4.view.r:
    android.support.v4.view.MotionEventCompat$MotionEventVersionImpl IMPL -> a
    int getActionMasked(android.view.MotionEvent) -> a
    int getActionIndex(android.view.MotionEvent) -> b
    int findPointerIndex(android.view.MotionEvent,int) -> a
    int getPointerId(android.view.MotionEvent,int) -> b
    float getX(android.view.MotionEvent,int) -> c
    float getY(android.view.MotionEvent,int) -> d
android.support.v4.view.MotionEventCompat$BaseMotionEventVersionImpl -> android.support.v4.view.s:
    int findPointerIndex(android.view.MotionEvent,int) -> a
    int getPointerId(android.view.MotionEvent,int) -> b
    float getX(android.view.MotionEvent,int) -> c
    float getY(android.view.MotionEvent,int) -> d
android.support.v4.view.MotionEventCompat$EclairMotionEventVersionImpl -> android.support.v4.view.t:
    int findPointerIndex(android.view.MotionEvent,int) -> a
    int getPointerId(android.view.MotionEvent,int) -> b
    float getX(android.view.MotionEvent,int) -> c
    float getY(android.view.MotionEvent,int) -> d
android.support.v4.view.MotionEventCompat$MotionEventVersionImpl -> android.support.v4.view.u:
    int findPointerIndex(android.view.MotionEvent,int) -> a
    int getPointerId(android.view.MotionEvent,int) -> b
    float getX(android.view.MotionEvent,int) -> c
    float getY(android.view.MotionEvent,int) -> d
android.support.v4.view.PagerAdapter -> android.support.v4.view.v:
    android.database.DataSetObservable mObservable -> mObservable
    int POSITION_UNCHANGED -> POSITION_UNCHANGED
    int POSITION_NONE -> POSITION_NONE
    int getCount() -> getCount
    void startUpdate(android.view.ViewGroup) -> startUpdate
    java.lang.Object instantiateItem(android.view.ViewGroup,int) -> instantiateItem
    void destroyItem(android.view.ViewGroup,int,java.lang.Object) -> destroyItem
    void setPrimaryItem(android.view.ViewGroup,int,java.lang.Object) -> setPrimaryItem
    void finishUpdate(android.view.ViewGroup) -> finishUpdate
    void startUpdate(android.view.View) -> startUpdate
    java.lang.Object instantiateItem(android.view.View,int) -> instantiateItem
    void destroyItem(android.view.View,int,java.lang.Object) -> destroyItem
    void setPrimaryItem(android.view.View,int,java.lang.Object) -> setPrimaryItem
    void finishUpdate(android.view.View) -> finishUpdate
    boolean isViewFromObject(android.view.View,java.lang.Object) -> isViewFromObject
    android.os.Parcelable saveState() -> saveState
    void restoreState(android.os.Parcelable,java.lang.ClassLoader) -> restoreState
    int getItemPosition(java.lang.Object) -> getItemPosition
    void notifyDataSetChanged() -> notifyDataSetChanged
    void registerDataSetObserver(android.database.DataSetObserver) -> registerDataSetObserver
android.support.v4.view.VelocityTrackerCompat -> android.support.v4.view.w:
    android.support.v4.view.VelocityTrackerCompat$VelocityTrackerVersionImpl IMPL -> a
    float getXVelocity(android.view.VelocityTracker,int) -> a
android.support.v4.view.VelocityTrackerCompat$BaseVelocityTrackerVersionImpl -> android.support.v4.view.x:
    float getXVelocity(android.view.VelocityTracker,int) -> a
android.support.v4.view.VelocityTrackerCompat$HoneycombVelocityTrackerVersionImpl -> android.support.v4.view.y:
    float getXVelocity(android.view.VelocityTracker,int) -> a
android.support.v4.view.VelocityTrackerCompat$VelocityTrackerVersionImpl -> android.support.v4.view.z:
    float getXVelocity(android.view.VelocityTracker,int) -> a